app/ui/base/build/intermediates/manifest_merge_blame_file/debug/manifest-merger-blame-debug-report.txt
1<?xml version="1.0" encoding="utf-8"?>
2<manifest xmlns:android="http://schemas.android.com/apk/res/android"
3    package="com.fsck.k9.ui.base" >
4
5    <uses-sdk android:minSdkVersion="21" />
6
7    <application>
7-->src\main\AndroidManifest.xml:4:5-18:19
8
9<!--         This component is disabled by default. It will be enabled programmatically by SystemLocaleManager if necessary. -->
10        <receiver
10-->src\main\AndroidManifest.xml:9:9-16:20
11            android:name="com.fsck.k9.ui.base.locale.LocaleBroadcastReceiver"
11-->src\main\AndroidManifest.xml:10:13-59
12            android:enabled="false"
12-->src\main\AndroidManifest.xml:12:13-36
13            android:exported="false" >
13-->src\main\AndroidManifest.xml:11:13-37
14            <intent-filter>
14-->src\main\AndroidManifest.xml:13:13-15:29
15                <action android:name="android.intent.action.LOCALE_CHANGED" />
15-->src\main\AndroidManifest.xml:14:17-79
15-->src\main\AndroidManifest.xml:14:25-76
16            </intent-filter>
17        </receiver>
18    </application>
19
20</manifest>